2021-05-27 14:43:22 INFO  LoggerClass:20 - Tour Added Successfully
2021-05-27 14:52:55 INFO  LoggerClass:20 - Logined into Database!
2021-05-27 14:53:02 INFO  LoggerClass:20 - Logined into Database!
2021-05-27 14:53:02 INFO  LoggerClass:20 - Logined into Database!
2021-05-27 14:53:03 INFO  LoggerClass:20 - Logined into Database!
2021-05-27 14:53:04 INFO  LoggerClass:20 - Logined into Database!
2021-05-27 14:53:04 INFO  LoggerClass:20 - Logined into Database!
2021-05-27 14:53:07 INFO  LoggerClass:20 - Logined into Database!
2021-05-27 14:53:09 INFO  LoggerClass:20 - Logined into Database!
2021-05-27 14:53:10 INFO  LoggerClass:20 - Logined into Database!
2021-05-27 14:53:15 INFO  LoggerClass:20 - Logined into Database!
2021-05-27 14:53:17 INFO  LoggerClass:20 - Tour Data updated: Name: Tour 1
2021-05-27 14:57:35 INFO  LoggerClass:20 - Logined into Database!
2021-05-27 14:57:35 INFO  LoggerClass:20 - Logined into Database!
2021-05-27 15:28:45 INFO  LoggerClass:21 - Logined into Database!
2021-05-27 15:28:45 INFO  LoggerClass:21 - Logined into Database!
2021-05-27 15:32:06 INFO  LoggerClass:21 - Logined into Database!
2021-05-27 15:32:06 INFO  LoggerClass:21 - Logined into Database!
2021-05-27 15:32:10 INFO  LoggerClass:21 - Logined into Database!
2021-05-27 15:32:10 INFO  LoggerClass:21 - Logined into Database!
2021-05-27 15:32:38 INFO  LoggerClass:21 - Logined into Database!
2021-05-27 15:33:05 INFO  LoggerClass:21 - Logined into Database!
2021-05-27 15:33:05 INFO  LoggerClass:21 - Tour Added Successfully with name: sadf
2021-05-27 15:33:05 INFO  LoggerClass:21 - Logined into Database!
2021-05-27 15:33:21 INFO  LoggerClass:21 - Logined into Database!
2021-05-27 15:33:21 INFO  LoggerClass:21 - Logined into Database!
2021-05-27 15:41:40 INFO  LoggerClass:21 - Logined into Database!
2021-05-27 15:43:01 INFO  LoggerClass:21 - Logined into Database!
2021-05-27 15:43:04 INFO  LoggerClass:21 - Logined into Database!
2021-05-27 15:43:04 INFO  LoggerClass:21 - Logined into Database!
2021-05-27 15:43:07 INFO  LoggerClass:21 - Logined into Database!
2021-05-27 15:43:08 INFO  LoggerClass:21 - Logined into Database!
2021-05-27 15:43:08 INFO  LoggerClass:21 - Logined into Database!
2021-05-27 15:43:09 INFO  LoggerClass:21 - Logined into Database!
2021-05-27 15:43:09 INFO  LoggerClass:21 - Logined into Database!
2021-05-27 15:45:19 INFO  LoggerClass:21 - Logined into Database!
2021-05-27 15:45:20 INFO  LoggerClass:21 - Logined into Database!
2021-05-27 15:45:20 INFO  LoggerClass:21 - Logined into Database!
2021-05-27 15:45:23 INFO  LoggerClass:21 - Logined into Database!
2021-05-27 15:45:24 INFO  LoggerClass:21 - Logined into Database!
2021-05-27 15:45:24 INFO  LoggerClass:21 - Logined into Database!
2021-05-27 15:45:25 INFO  LoggerClass:21 - Logined into Database!
2021-05-27 15:45:25 INFO  LoggerClass:21 - Logined into Database!
2021-05-27 15:45:26 INFO  LoggerClass:21 - Logined into Database!
2021-05-27 15:45:26 INFO  LoggerClass:21 - Logined into Database!
2021-05-27 15:45:51 INFO  LoggerClass:21 - Logined into Database!
2021-05-27 15:45:56 INFO  LoggerClass:21 - Logined into Database!
2021-05-27 15:45:56 INFO  LoggerClass:21 - Logined into Database!
2021-05-27 15:45:57 INFO  LoggerClass:21 - Logined into Database!
2021-05-27 15:45:57 INFO  LoggerClass:21 - Logined into Database!
2021-05-27 15:45:59 INFO  LoggerClass:21 - Logined into Database!
2021-05-27 15:45:59 INFO  LoggerClass:21 - Logined into Database!
2021-05-27 15:46:00 INFO  LoggerClass:21 - Logined into Database!
2021-05-27 15:46:00 INFO  LoggerClass:21 - Logined into Database!
2021-05-27 15:46:28 INFO  LoggerClass:21 - Logined into Database!
2021-05-27 15:46:28 INFO  LoggerClass:21 - Tour Added Successfully with name: Tour 10
2021-05-27 15:46:28 INFO  LoggerClass:21 - Logined into Database!
2021-05-27 15:46:55 INFO  LoggerClass:21 - Logined into Database!
2021-05-27 15:46:55 INFO  LoggerClass:21 - Logined into Database!
2021-05-27 15:47:32 INFO  LoggerClass:21 - Logined into Database!
2021-05-27 15:47:32 INFO  LoggerClass:21 - Log Added Successfully for tour: Tour 10
2021-05-27 15:47:35 INFO  LoggerClass:21 - Logined into Database!
2021-05-27 15:47:35 INFO  LoggerClass:21 - Logined into Database!
2021-05-27 15:47:35 INFO  LoggerClass:21 - Logined into Database!
2021-05-27 15:47:35 INFO  LoggerClass:21 - Logined into Database!
2021-05-27 15:47:36 INFO  LoggerClass:21 - Logined into Database!
2021-05-27 15:47:36 INFO  LoggerClass:21 - Logined into Database!
2021-05-27 15:47:36 INFO  LoggerClass:21 - Logined into Database!
2021-05-27 15:47:36 INFO  LoggerClass:21 - Logined into Database!
2021-05-27 15:47:44 INFO  LoggerClass:21 - Logined into Database!
2021-05-27 15:47:46 INFO  LoggerClass:21 - Tour Data updated: Name: Tour 10
2021-05-27 15:47:48 INFO  LoggerClass:21 - Logined into Database!
2021-05-27 15:47:48 INFO  LoggerClass:21 - Logined into Database!
2021-05-27 15:47:51 INFO  LoggerClass:21 - Logined into Database!
2021-05-27 15:47:54 INFO  LoggerClass:21 - Logined into Database!
2021-05-27 15:47:54 INFO  LoggerClass:21 - Logined into Database!
2021-05-27 15:47:54 INFO  LoggerClass:21 - Logined into Database!
2021-05-27 15:47:54 INFO  LoggerClass:21 - Logined into Database!
2021-05-27 15:47:54 INFO  LoggerClass:21 - Logined into Database!
2021-05-27 15:47:54 INFO  LoggerClass:21 - Logined into Database!
2021-05-27 15:47:58 INFO  LoggerClass:21 - Logined into Database!
2021-05-27 15:47:58 INFO  LoggerClass:21 - Logined into Database!
2021-05-27 15:48:00 INFO  LoggerClass:21 - Logined into Database!
2021-05-27 15:48:00 INFO  LoggerClass:21 - Logined into Database!
2021-05-27 15:48:11 INFO  LoggerClass:21 - Logined into Database!
2021-05-27 15:48:11 INFO  LoggerClass:21 - Logined into Database!
2021-05-27 15:48:13 INFO  LoggerClass:21 - Report Saved Successfully!
2021-05-27 15:48:32 INFO  LoggerClass:21 - Logined into Database!
2021-05-27 15:48:32 INFO  LoggerClass:21 - Logined into Database!
2021-05-27 15:48:32 INFO  LoggerClass:21 - Logined into Database!
2021-05-27 15:48:33 INFO  LoggerClass:21 - Logined into Database!
2021-05-27 15:48:33 INFO  LoggerClass:21 - Logined into Database!
2021-05-27 15:48:33 INFO  LoggerClass:21 - Logined into Database!
2021-05-27 15:48:33 INFO  LoggerClass:21 - Logined into Database!
2021-05-27 15:48:33 INFO  LoggerClass:21 - Logined into Database!
2021-05-27 15:48:33 INFO  LoggerClass:21 - Logined into Database!
2021-05-27 15:48:34 INFO  LoggerClass:21 - Report Saved Successfully - Summary!
2021-05-28 13:18:05 INFO  LoggerClass:21 - Logined into Database!
2021-05-28 13:18:34 INFO  LoggerClass:21 - Logined into Database!
2021-05-28 13:18:34 INFO  LoggerClass:21 - Tour Added Successfully with name: Tour 11
2021-05-28 13:18:34 INFO  LoggerClass:21 - Logined into Database!
2021-05-28 13:21:47 INFO  LoggerClass:21 - Logined into Database!
2021-05-28 13:21:47 INFO  LoggerClass:21 - Logined into Database!
2021-05-28 13:22:07 INFO  LoggerClass:21 - Logined into Database!
2021-05-28 13:22:08 INFO  LoggerClass:21 - Logined into Database!
2021-05-28 13:23:05 INFO  LoggerClass:21 - Logined into Database!
2021-05-28 13:23:08 INFO  LoggerClass:21 - Logined into Database!
2021-05-28 13:23:08 INFO  LoggerClass:21 - Logined into Database!
2021-05-28 13:24:46 INFO  LoggerClass:21 - Logined into Database!
2021-05-28 13:24:46 INFO  LoggerClass:21 - Logined into Database!
2021-05-28 13:24:47 INFO  LoggerClass:21 - Logined into Database!
2021-05-28 13:24:47 INFO  LoggerClass:21 - Logined into Database!
2021-05-28 13:29:07 INFO  LoggerClass:21 - Logined into Database!
2021-05-28 13:29:38 INFO  LoggerClass:21 - Logined into Database!
2021-05-28 13:29:38 INFO  LoggerClass:21 - Logined into Database!
2021-05-28 13:31:50 INFO  LoggerClass:21 - Logined into Database!
2021-05-28 13:31:50 INFO  LoggerClass:21 - Logined into Database!
2021-05-28 13:37:42 INFO  LoggerClass:21 - Logined into Database!
2021-05-28 13:38:50 INFO  LoggerClass:21 - Logined into Database!
2021-05-28 13:38:50 INFO  LoggerClass:21 - Logined into Database!
2021-05-28 13:38:51 INFO  LoggerClass:21 - Logined into Database!
2021-05-28 13:38:52 INFO  LoggerClass:21 - Logined into Database!
2021-05-28 13:38:52 INFO  LoggerClass:21 - Logined into Database!
2021-05-28 13:38:53 INFO  LoggerClass:21 - Logined into Database!
2021-05-28 13:38:54 INFO  LoggerClass:21 - Logined into Database!
2021-05-28 13:38:54 INFO  LoggerClass:21 - Logined into Database!
2021-05-28 13:38:55 INFO  LoggerClass:21 - Logined into Database!
2021-05-28 13:38:57 INFO  LoggerClass:21 - Logined into Database!
2021-05-28 13:38:57 INFO  LoggerClass:21 - Logined into Database!
2021-05-28 13:38:58 INFO  LoggerClass:21 - Logined into Database!
2021-05-28 13:38:59 INFO  LoggerClass:21 - Logined into Database!
2021-05-28 13:38:59 INFO  LoggerClass:21 - Logined into Database!
2021-05-28 13:39:00 INFO  LoggerClass:21 - Logined into Database!
2021-05-28 13:39:07 INFO  LoggerClass:21 - Logined into Database!
2021-05-28 13:39:59 INFO  LoggerClass:21 - Logined into Database!
2021-05-28 13:39:59 INFO  LoggerClass:21 - Tour Added Successfully with name: Trip 1
2021-05-28 13:39:59 INFO  LoggerClass:21 - Logined into Database!
2021-05-28 13:40:47 INFO  LoggerClass:21 - Logined into Database!
2021-05-28 13:40:47 INFO  LoggerClass:21 - Logined into Database!
2021-05-28 13:42:13 INFO  LoggerClass:21 - Logined into Database!
2021-05-28 13:42:13 INFO  LoggerClass:21 - Tour Added Successfully with name: Trip 2
2021-05-28 13:42:13 INFO  LoggerClass:21 - Logined into Database!
2021-05-28 13:42:14 INFO  LoggerClass:21 - Logined into Database!
2021-05-28 13:42:14 INFO  LoggerClass:21 - Logined into Database!
2021-05-28 13:51:50 INFO  LoggerClass:21 - Logined into Database!
2021-05-28 13:51:50 INFO  LoggerClass:21 - Logined into Database!
2021-05-28 13:52:29 INFO  LoggerClass:21 - Logined into Database!
2021-05-28 13:52:29 INFO  LoggerClass:21 - Log Added Successfully for tour: Trip 2
2021-05-28 13:52:31 INFO  LoggerClass:21 - Logined into Database!
2021-05-28 13:52:31 INFO  LoggerClass:21 - Logined into Database!
2021-05-28 13:54:51 INFO  LoggerClass:21 - Logined into Database!
2021-05-28 13:54:53 INFO  LoggerClass:21 - Tour Data updated: Name: Trip 2
2021-05-28 13:54:54 INFO  LoggerClass:21 - Logined into Database!
2021-05-28 13:54:54 INFO  LoggerClass:21 - Logined into Database!
2021-05-28 13:56:40 INFO  LoggerClass:21 - Logined into Database!
2021-05-28 13:56:40 INFO  LoggerClass:21 - Logined into Database!
2021-05-28 13:56:50 INFO  LoggerClass:21 - Logined into Database!
2021-05-28 13:56:50 INFO  LoggerClass:21 - Logined into Database!
2021-05-28 13:56:52 INFO  LoggerClass:21 - Report Saved Successfully!
2021-05-28 13:58:29 INFO  LoggerClass:21 - Logined into Database!
2021-05-28 13:58:32 INFO  LoggerClass:21 - Logined into Database!
2021-05-28 13:58:32 INFO  LoggerClass:21 - Logined into Database!
2021-05-28 14:00:39 INFO  LoggerClass:21 - Logined into Database!
2021-05-28 14:00:39 INFO  LoggerClass:21 - Logined into Database!
2021-05-28 14:00:40 INFO  LoggerClass:21 - Report Saved Successfully!
2021-05-28 14:01:11 INFO  LoggerClass:21 - Logined into Database!
2021-05-28 14:01:11 INFO  LoggerClass:21 - Logined into Database!
2021-05-28 14:01:11 INFO  LoggerClass:21 - Logined into Database!
2021-05-28 14:01:11 INFO  LoggerClass:21 - Logined into Database!
2021-05-28 14:01:11 INFO  LoggerClass:21 - Logined into Database!
2021-05-28 14:01:12 INFO  LoggerClass:21 - Report Saved Successfully - Summary!
2021-05-28 15:01:32 INFO  LoggerClass:21 - Logined into Database!
2021-05-28 15:02:26 INFO  LoggerClass:21 - Logined into Database!
2021-05-28 15:53:32 INFO  LoggerClass:21 - Logined into Database!
2021-05-28 15:53:40 INFO  LoggerClass:21 - Logined into Database!
2021-05-28 15:53:40 INFO  LoggerClass:21 - Tour Added Successfully with name: fgjf
2021-05-28 15:53:40 INFO  LoggerClass:21 - Logined into Database!
2021-05-28 15:53:43 INFO  LoggerClass:21 - Logined into Database!
2021-05-28 15:53:43 INFO  LoggerClass:21 - Logined into Database!
2021-05-28 15:53:44 INFO  LoggerClass:21 - Logined into Database!
2021-05-28 13:35:06 INFO  LoggerClass:21 - Logined into Database!
2021-05-28 13:35:26 INFO  LoggerClass:21 - Logined into Database!
2021-05-28 13:39:28 INFO  LoggerClass:21 - Logined into Database!
2021-05-28 13:39:35 INFO  LoggerClass:21 - Logined into Database!
2021-05-28 13:39:35 INFO  LoggerClass:21 - Logined into Database!
2021-05-28 13:39:36 INFO  LoggerClass:21 - Logined into Database!
2021-05-28 13:39:37 INFO  LoggerClass:21 - Logined into Database!
2021-05-28 13:39:37 INFO  LoggerClass:21 - Logined into Database!
2021-05-28 13:39:38 INFO  LoggerClass:21 - Logined into Database!
2021-05-28 13:39:39 INFO  LoggerClass:21 - Logined into Database!
2021-05-28 13:39:39 INFO  LoggerClass:21 - Logined into Database!
2021-05-28 13:39:40 INFO  LoggerClass:21 - Logined into Database!
2021-05-28 13:39:56 INFO  LoggerClass:21 - Logined into Database!
2021-05-28 13:39:56 INFO  LoggerClass:21 - Tour Added Successfully with name: sdgsdg
2021-05-28 13:39:56 INFO  LoggerClass:21 - Logined into Database!
2021-05-28 13:39:58 INFO  LoggerClass:21 - Logined into Database!
2021-05-28 13:39:58 INFO  LoggerClass:21 - Logined into Database!
2021-05-28 13:43:14 INFO  LoggerClass:21 - Logined into Database!
2021-05-28 13:43:38 INFO  LoggerClass:21 - Logined into Database!
2021-05-28 13:43:38 INFO  LoggerClass:21 - Tour Added Successfully with name: Tour 1
2021-05-28 13:43:38 INFO  LoggerClass:21 - Logined into Database!
2021-05-28 13:43:41 INFO  LoggerClass:21 - Logined into Database!
2021-05-28 13:43:41 INFO  LoggerClass:21 - Logined into Database!
2021-05-28 13:43:59 INFO  LoggerClass:21 - Logined into Database!
2021-05-28 13:43:59 INFO  LoggerClass:21 - Logined into Database!
2021-05-28 13:44:01 INFO  LoggerClass:21 - Report Saved Successfully!
2021-05-28 13:45:02 INFO  LoggerClass:21 - Logined into Database!
2021-05-28 13:45:02 INFO  LoggerClass:21 - Logined into Database!
2021-05-28 13:45:45 INFO  LoggerClass:21 - Logined into Database!
2021-05-28 13:45:45 INFO  LoggerClass:21 - Log Added Successfully for tour: Tour 1
2021-05-28 13:46:09 INFO  LoggerClass:21 - Logined into Database!
2021-05-28 13:46:09 INFO  LoggerClass:21 - Logined into Database!
2021-05-28 13:46:21 INFO  LoggerClass:21 - Logined into Database!
2021-05-28 13:46:23 INFO  LoggerClass:21 - Tour Data updated: Name: Tour 1
2021-05-28 13:46:24 INFO  LoggerClass:21 - Logined into Database!
2021-05-28 13:46:24 INFO  LoggerClass:21 - Logined into Database!
2021-05-28 13:46:28 INFO  LoggerClass:21 - Logined into Database!
2021-05-28 13:46:30 INFO  LoggerClass:21 - Logined into Database!
2021-05-28 13:46:30 INFO  LoggerClass:21 - Logined into Database!
2021-05-28 13:47:34 INFO  LoggerClass:21 - Logined into Database!
2021-05-28 13:47:34 INFO  LoggerClass:21 - Log Added Successfully for tour: Tour 1
2021-05-28 13:47:35 INFO  LoggerClass:21 - Logined into Database!
2021-05-28 13:47:35 INFO  LoggerClass:21 - Logined into Database!
2021-05-28 14:05:59 INFO  LoggerClass:21 - Logined into Database!
2021-05-28 14:08:08 INFO  LoggerClass:21 - Logined into Database!
2021-05-28 14:10:13 INFO  LoggerClass:21 - Logined into Database!
2021-05-28 14:10:13 INFO  LoggerClass:21 - Tour Added Successfully with name: radtour
2021-05-28 14:10:13 INFO  LoggerClass:21 - Logined into Database!
2021-05-28 14:10:15 INFO  LoggerClass:21 - Logined into Database!
2021-05-28 14:10:15 INFO  LoggerClass:21 - Logined into Database!
2021-05-28 14:10:28 INFO  LoggerClass:21 - Logined into Database!
2021-05-28 14:15:19 INFO  LoggerClass:21 - Logined into Database!
2021-05-28 14:15:19 INFO  LoggerClass:21 - Tour Added Successfully with name: 1.Tour
2021-05-28 14:15:19 INFO  LoggerClass:21 - Logined into Database!
2021-05-28 14:15:25 INFO  LoggerClass:21 - Logined into Database!
2021-05-28 14:15:25 INFO  LoggerClass:21 - Logined into Database!
2021-05-28 14:15:34 INFO  LoggerClass:21 - Logined into Database!
2021-05-28 14:15:34 INFO  LoggerClass:21 - Logined into Database!
2021-05-28 14:15:35 INFO  LoggerClass:21 - Logined into Database!
2021-05-28 14:15:35 INFO  LoggerClass:21 - Logined into Database!
2021-05-28 14:15:44 INFO  LoggerClass:21 - Logined into Database!
2021-05-28 14:15:44 INFO  LoggerClass:21 - Logined into Database!
2021-05-28 14:15:44 INFO  LoggerClass:21 - Logined into Database!
2021-05-28 14:15:44 INFO  LoggerClass:21 - Logined into Database!
2021-05-28 14:15:44 INFO  LoggerClass:21 - Logined into Database!
2021-05-28 14:15:44 INFO  LoggerClass:21 - Logined into Database!
2021-05-28 14:16:38 INFO  LoggerClass:21 - Logined into Database!
2021-05-28 14:16:38 INFO  LoggerClass:21 - Log Added Successfully for tour: 1.Tour
2021-05-28 14:16:40 INFO  LoggerClass:21 - Logined into Database!
2021-05-28 14:16:41 INFO  LoggerClass:21 - Logined into Database!
2021-05-28 14:16:55 INFO  LoggerClass:21 - Logined into Database!
2021-05-28 14:16:56 INFO  LoggerClass:21 - Tour Data updated: Name: 1.Tour
2021-05-28 14:17:06 INFO  LoggerClass:21 - Logined into Database!
2021-05-28 14:17:07 INFO  LoggerClass:21 - Tour Data updated: Name: 1.Tour
2021-05-28 14:17:09 INFO  LoggerClass:21 - Logined into Database!
2021-05-28 14:17:09 INFO  LoggerClass:21 - Logined into Database!
2021-05-28 14:17:20 INFO  LoggerClass:21 - Logined into Database!
2021-05-28 14:17:20 INFO  LoggerClass:21 - Logined into Database!
2021-05-28 14:17:21 INFO  LoggerClass:21 - Report Saved Successfully!
2021-05-28 14:18:21 INFO  LoggerClass:21 - Logined into Database!
2021-05-28 14:18:21 INFO  LoggerClass:21 - Tour Added Successfully with name: usa tour
2021-05-28 14:18:21 INFO  LoggerClass:21 - Logined into Database!
2021-05-28 14:18:24 INFO  LoggerClass:21 - Logined into Database!
2021-05-28 14:18:24 INFO  LoggerClass:21 - Logined into Database!
2021-05-28 14:18:42 INFO  LoggerClass:21 - Logined into Database!
2021-05-28 14:18:42 INFO  LoggerClass:21 - Logined into Database!
2021-05-28 14:18:43 INFO  LoggerClass:21 - Logined into Database!
2021-05-28 14:18:57 INFO  LoggerClass:21 - Logined into Database!
2021-05-28 14:19:53 INFO  LoggerClass:21 - Logined into Database!
2021-05-28 14:19:53 INFO  LoggerClass:21 - Tour Added Successfully with name: USA-Tour
2021-05-28 14:19:53 INFO  LoggerClass:21 - Logined into Database!
2021-05-28 14:19:55 INFO  LoggerClass:21 - Logined into Database!
2021-05-28 14:19:55 INFO  LoggerClass:21 - Logined into Database!
2021-05-28 14:20:19 INFO  LoggerClass:21 - Logined into Database!
2021-05-28 14:20:21 INFO  LoggerClass:21 - Logined into Database!
2021-05-28 14:20:21 INFO  LoggerClass:21 - Logined into Database!
2021-05-28 14:20:22 INFO  LoggerClass:21 - Logined into Database!
2021-05-28 14:20:51 INFO  LoggerClass:21 - Logined into Database!
2021-05-28 14:20:51 INFO  LoggerClass:21 - Tour Added Successfully with name: tour 2
2021-05-28 14:20:51 INFO  LoggerClass:21 - Logined into Database!
2021-05-28 14:20:52 INFO  LoggerClass:21 - Logined into Database!
2021-05-28 14:20:52 INFO  LoggerClass:21 - Logined into Database!
2021-05-28 14:21:26 INFO  LoggerClass:21 - Logined into Database!
2021-05-28 14:21:26 INFO  LoggerClass:21 - Tour Added Successfully with name: paris tour
2021-05-28 14:21:26 INFO  LoggerClass:21 - Logined into Database!
2021-05-28 14:21:27 INFO  LoggerClass:21 - Logined into Database!
2021-05-28 14:21:27 INFO  LoggerClass:21 - Logined into Database!
2021-05-28 14:21:37 INFO  LoggerClass:21 - Logined into Database!
2021-05-28 14:21:37 INFO  LoggerClass:21 - Logined into Database!
2021-05-28 14:21:37 INFO  LoggerClass:21 - Logined into Database!
2021-05-28 14:21:37 INFO  LoggerClass:21 - Logined into Database!
2021-05-28 14:21:37 INFO  LoggerClass:21 - Logined into Database!
2021-05-28 14:21:37 INFO  LoggerClass:21 - Logined into Database!
2021-05-28 14:21:37 INFO  LoggerClass:21 - Logined into Database!
2021-05-28 14:21:38 INFO  LoggerClass:21 - Report Saved Successfully - Summary!
2021-05-28 14:21:39 INFO  LoggerClass:21 - Logined into Database!
2021-05-28 14:21:39 INFO  LoggerClass:21 - Logined into Database!
2021-05-28 14:21:40 INFO  LoggerClass:21 - Logined into Database!
2021-05-28 14:21:40 INFO  LoggerClass:21 - Logined into Database!
2021-05-28 14:21:41 INFO  LoggerClass:21 - Report Saved Successfully!
2021-05-28 15:47:05 INFO  LoggerClass:21 - Logined into Database!
2021-05-29 10:58:44 INFO  LoggerClass:21 - Logined into Database!
2021-05-29 10:58:56 INFO  LoggerClass:21 - Logined into Database!
2021-05-29 10:58:56 INFO  LoggerClass:21 - Logined into Database!
2021-05-29 10:58:57 INFO  LoggerClass:21 - Logined into Database!
2021-05-29 10:58:57 INFO  LoggerClass:21 - Logined into Database!
2021-05-29 10:58:57 INFO  LoggerClass:21 - Logined into Database!
2021-05-29 10:58:57 INFO  LoggerClass:21 - Logined into Database!
2021-05-29 10:58:58 INFO  LoggerClass:21 - Logined into Database!
2021-05-29 10:58:58 INFO  LoggerClass:21 - Logined into Database!
2021-05-29 11:24:31 INFO  LoggerClass:21 - Logined into Database!
2021-05-29 11:25:12 INFO  LoggerClass:21 - Logined into Database!
2021-05-29 11:25:46 INFO  LoggerClass:21 - Logined into Database!
2021-05-29 11:25:46 INFO  LoggerClass:21 - Tour Added Successfully with name: utku undes turu
2021-05-29 11:25:46 INFO  LoggerClass:21 - Logined into Database!
2021-05-29 11:25:47 INFO  LoggerClass:21 - Logined into Database!
2021-05-29 11:25:47 INFO  LoggerClass:21 - Logined into Database!
2021-05-29 11:26:01 INFO  LoggerClass:21 - Logined into Database!
2021-05-29 11:26:01 INFO  LoggerClass:21 - Logined into Database!
2021-05-29 11:26:02 INFO  LoggerClass:21 - Report Saved Successfully!
2021-05-29 11:26:07 INFO  LoggerClass:21 - Logined into Database!
2021-05-29 11:26:08 INFO  LoggerClass:21 - Logined into Database!
2021-05-29 11:26:08 INFO  LoggerClass:21 - Logined into Database!
2021-05-29 11:26:08 INFO  LoggerClass:21 - Logined into Database!
2021-05-29 11:26:10 INFO  LoggerClass:21 - Logined into Database!
2021-05-29 11:26:13 INFO  LoggerClass:21 - Logined into Database!
2021-05-29 11:26:13 INFO  LoggerClass:21 - Logined into Database!
2021-05-29 17:53:39 INFO  LoggerClass:21 - Logined into Database!
2021-05-29 17:53:44 INFO  LoggerClass:21 - Logined into Database!
2021-05-29 17:54:10 INFO  LoggerClass:21 - Logined into Database!
2021-05-29 17:54:10 INFO  LoggerClass:21 - Tour Added Successfully with name: alicem
2021-05-29 17:54:10 INFO  LoggerClass:21 - Logined into Database!
2021-05-29 17:54:15 INFO  LoggerClass:21 - Logined into Database!
2021-05-29 17:54:15 INFO  LoggerClass:21 - Logined into Database!
2021-05-29 17:54:30 INFO  LoggerClass:21 - Logined into Database!
2021-05-29 17:54:30 INFO  LoggerClass:21 - Logined into Database!
2021-05-29 17:54:31 INFO  LoggerClass:21 - Logined into Database!
